<?xml version="1.0" encoding="UTF-8"?>
<!-- Generated by org.testng.reporters.JUnitXMLReporter -->
<testsuite hostname="Chan" ignored="14" name="Test" tests="2" failures="1" timestamp="16 Dec 2021 17:19:07 GMT" time="50.38" errors="0">
  <testcase name="cickOnSaveAndAllTheFillSareSaveOrNot" time="13.516" classname="com.crm.SDET26.opportunity.ClickOnSaveAndAllTheFillSareSaveOrNotTest">
    <failure type="java.lang.AssertionError" message="expected [true] but found [false]">
      <![CDATA[java.lang.AssertionError: expected [true] but found [false]
at com.crm.SDET26.opportunity.ClickOnSaveAndAllTheFillSareSaveOrNotTest.cickOnSaveAndAllTheFillSareSaveOrNot(ClickOnSaveAndAllTheFillSareSaveOrNotTest.java:71)
... Removed 29 stack frames]]>
    </failure>
  </testcase> <!-- cickOnSaveAndAllTheFillSareSaveOrNot -->
  <testcase name="clickOnCancelAndAlltheFillsClearedorNot" time="22.847" classname="com.crm.SDET26.opportunity.ClickOnCancelAndAllTheFillsAreClearOrNotTest"/>
  <testcase name="@BeforeSuite dataBaseConnection" time="0.0" classname="com.crm.SDET26.genericUtility.BaseClass">
    <ignored/>
  </testcase> <!-- @BeforeSuite dataBaseConnection -->
  <testcase name="@BeforeSuite dataBaseConnection" time="0.0" classname="com.crm.SDET26.genericUtility.BaseClass">
    <ignored/>
  </testcase> <!-- @BeforeSuite dataBaseConnection -->
  <testcase name="@BeforeSuite dataBaseConnection" time="0.0" classname="com.crm.SDET26.genericUtility.BaseClass">
    <ignored/>
  </testcase> <!-- @BeforeSuite dataBaseConnection -->
  <testcase name="@BeforeSuite dataBaseConnection" time="0.0" classname="com.crm.SDET26.genericUtility.BaseClass">
    <ignored/>
  </testcase> <!-- @BeforeSuite dataBaseConnection -->
  <testcase name="@BeforeSuite dataBaseConnection" time="0.0" classname="com.crm.SDET26.genericUtility.BaseClass">
    <ignored/>
  </testcase> <!-- @BeforeSuite dataBaseConnection -->
  <testcase name="createOpportunityWithSalesStageProposalOrPriceQuote" time="0.0" classname="com.crm.SDET26.opportunity.CreateOpportunityWithSalesStageProposalOrPriceQuoteTest">
    <ignored/>
  </testcase> <!-- createOpportunityWithSalesStageProposalOrPriceQuote -->
  <testcase name="createOpportunitywithSalesStageClosedWon" time="0.0" classname="com.crm.SDET26.opportunity.CreateOpportunitywithSalesStageClosedWonTest">
    <ignored/>
  </testcase> <!-- createOpportunitywithSalesStageClosedWon -->
  <testcase name="@AfterSuite disconnectDB" time="0.0" classname="com.crm.SDET26.genericUtility.BaseClass">
    <ignored/>
  </testcase> <!-- @AfterSuite disconnectDB -->
  <testcase name="@AfterSuite disconnectDB" time="0.0" classname="com.crm.SDET26.genericUtility.BaseClass">
    <ignored/>
  </testcase> <!-- @AfterSuite disconnectDB -->
  <testcase name="@AfterSuite disconnectDB" time="0.0" classname="com.crm.SDET26.genericUtility.BaseClass">
    <ignored/>
  </testcase> <!-- @AfterSuite disconnectDB -->
  <testcase name="@AfterSuite disconnectDB" time="0.0" classname="com.crm.SDET26.genericUtility.BaseClass">
    <ignored/>
  </testcase> <!-- @AfterSuite disconnectDB -->
  <testcase name="@AfterSuite disconnectDB" time="0.0" classname="com.crm.SDET26.genericUtility.BaseClass">
    <ignored/>
  </testcase> <!-- @AfterSuite disconnectDB -->
  <testcase name="createOpportunitywithSalesStageNegotiationOrReview" time="0.0" classname="com.crm.SDET26.opportunity.CreateOpportunitywithSalesStageNegotiationOrReviewTest">
    <ignored/>
  </testcase> <!-- createOpportunitywithSalesStageNegotiationOrReview -->
  <testcase name="createOpportunitywithSalesStageClosedLost" time="0.0" classname="com.crm.SDET26.opportunity.CreateOpportunitywithSalesStageClosedLostTest">
    <ignored/>
  </testcase> <!-- createOpportunitywithSalesStageClosedLost -->
</testsuite> <!-- Test -->
